<?xml version="1.0" encoding="UTF-8"?>
<!-- Generated by org.testng.reporters.JUnitReportReporter -->
<testsuite name="MobileAutomation.MobileSeeTestWebAutomation.TestChilisApp" tests="1" time="48.799" ignored="0" failures="0" timestamp="10 Jun 2021 14:29:14 GMT" skipped="0" hostname="LAPTOP-2HJFJ1OT" errors="0">
  <testcase name="launchApp" time="48.799" classname="MobileAutomation.MobileSeeTestWebAutomation.TestChilisApp"/>
</testsuite> <!-- MobileAutomation.MobileSeeTestWebAutomation.TestChilisApp -->
