<?xml version="1.0" encoding="UTF-8"?>
<!-- Generated by org.testng.reporters.JUnitReportReporter -->
<testsuite name="MobileAutomation.MobileSeeTestWebAutomation.TestMCACarryOutASAP" tests="1" time="323.739" ignored="0" failures="0" timestamp="09 Jun 2021 11:21:13 GMT" skipped="0" hostname="LAPTOP-2HJFJ1OT" errors="0">
  <testcase name="testMCACarryoutASAP" time="323.739" classname="MobileAutomation.MobileSeeTestWebAutomation.TestMCACarryOutASAP"/>
</testsuite> <!-- MobileAutomation.MobileSeeTestWebAutomation.TestMCACarryOutASAP -->
