<?xml version="1.0" encoding="UTF-8"?>
<!-- Generated by org.testng.reporters.JUnitReportReporter -->
<testsuite name="MobileAutomation.MobileSeeTestWebAutomation.TestChilisIOSApp" tests="1" time="207.062" ignored="2" failures="0" timestamp="14 Jun 2021 16:00:29 GMT" skipped="0" hostname="LAPTOP-2HJFJ1OT" errors="0">
  <testcase name="iosappLocationSearch" time="207.062" classname="MobileAutomation.MobileSeeTestWebAutomation.TestChilisIOSApp"/>
  <testcase name="appValidateRewards" classname="MobileAutomation.MobileSeeTestWebAutomation.TestChilisIOSApp">
    <skipped/>
  </testcase> <!-- appValidateRewards -->
  <testcase name="iosLoginLogout" classname="MobileAutomation.MobileSeeTestWebAutomation.TestChilisIOSApp">
    <skipped/>
  </testcase> <!-- iosLoginLogout -->
</testsuite> <!-- MobileAutomation.MobileSeeTestWebAutomation.TestChilisIOSApp -->
