<?xml version="1.0" encoding="UTF-8"?>
<!-- Generated by org.testng.reporters.JUnitReportReporter -->
<testsuite name="MobileAutomation.MobileSeeTestWebAutomation.TestChilisApp" tests="1" time="68.889" ignored="1" failures="0" timestamp="11 Jun 2021 15:28:09 GMT" skipped="0" hostname="LAPTOP-2HJFJ1OT" errors="0">
  <testcase name="appLocationSearch" time="68.889" classname="MobileAutomation.MobileSeeTestWebAutomation.TestChilisApp"/>
  <testcase name="appLoginLogout" classname="MobileAutomation.MobileSeeTestWebAutomation.TestChilisApp">
    <skipped/>
  </testcase> <!-- appLoginLogout -->
</testsuite> <!-- MobileAutomation.MobileSeeTestWebAutomation.TestChilisApp -->
