<?xml version="1.0" encoding="UTF-8"?>
<!-- Generated by org.testng.reporters.JUnitReportReporter -->
<testsuite name="MobileAutomation.MobileSeeTestWebAutomation.TestLoggedInOrder" tests="1" time="270.354" ignored="0" failures="0" timestamp="04 Jun 2021 11:21:29 GMT" skipped="0" hostname="LAPTOP-2HJFJ1OT" errors="0">
  <testcase name="testLoggedInOrderFeature" time="270.354" classname="MobileAutomation.MobileSeeTestWebAutomation.TestLoggedInOrder"/>
</testsuite> <!-- MobileAutomation.MobileSeeTestWebAutomation.TestLoggedInOrder -->
