<?xml version="1.0" encoding="UTF-8"?>
<!-- Generated by org.testng.reporters.JUnitReportReporter -->
<testsuite name="MobileAutomation.MobileSeeTestWebAutomation.TestChilisAndroid" tests="3" time="495.927" ignored="9" failures="0" timestamp="15 Jun 2021 12:13:40 GMT" skipped="0" hostname="LAPTOP-2HJFJ1OT" errors="0">
  <testcase name="TC01_ANDROID_LoginLogoutTestCase" time="160.491" classname="MobileAutomation.MobileSeeTestWebAutomation.TestChilisAndroid"/>
  <testcase name="TC02_ANDROID_RewardsValidationTestCase" time="217.227" classname="MobileAutomation.MobileSeeTestWebAutomation.TestChilisAndroid"/>
  <testcase name="TC04_ANDROID_ValidateFavouriteItemsTestCase" time="118.209" classname="MobileAutomation.MobileSeeTestWebAutomation.TestChilisAndroid"/>
  <testcase name="testMCACarryoutLaterToday" classname="MobileAutomation.MobileSeeTestWebAutomation.TestChilisAndroid">
    <skipped/>
  </testcase> <!-- testMCACarryoutLaterToday -->
  <testcase name="testMCACarryoutASAP" classname="MobileAutomation.MobileSeeTestWebAutomation.TestChilisAndroid">
    <skipped/>
  </testcase> <!-- testMCACarryoutASAP -->
  <testcase name="testLoggedInOrderFeature" classname="MobileAutomation.MobileSeeTestWebAutomation.TestChilisAndroid">
    <skipped/>
  </testcase> <!-- testLoggedInOrderFeature -->
  <testcase name="testCurbsideAsapOrder" classname="MobileAutomation.MobileSeeTestWebAutomation.TestChilisAndroid">
    <skipped/>
  </testcase> <!-- testCurbsideAsapOrder -->
  <testcase name="TC03_ANDROID_UpdateMyAccountTestCase" classname="MobileAutomation.MobileSeeTestWebAutomation.TestChilisAndroid">
    <skipped/>
  </testcase> <!-- TC03_ANDROID_UpdateMyAccountTestCase -->
  <testcase name="testGuestCurbSide" classname="MobileAutomation.MobileSeeTestWebAutomation.TestChilisAndroid">
    <skipped/>
  </testcase> <!-- testGuestCurbSide -->
  <testcase name="testOrderWithRewards" classname="MobileAutomation.MobileSeeTestWebAutomation.TestChilisAndroid">
    <skipped/>
  </testcase> <!-- testOrderWithRewards -->
  <testcase name="testAddMyVisit" classname="MobileAutomation.MobileSeeTestWebAutomation.TestChilisAndroid">
    <skipped/>
  </testcase> <!-- testAddMyVisit -->
  <testcase name="TC05_ANDROID_ValidateLocationSearchTestCase" classname="MobileAutomation.MobileSeeTestWebAutomation.TestChilisAndroid">
    <skipped/>
  </testcase> <!-- TC05_ANDROID_ValidateLocationSearchTestCase -->
</testsuite> <!-- MobileAutomation.MobileSeeTestWebAutomation.TestChilisAndroid -->
