<?xml version="1.0" encoding="UTF-8"?>
<!-- Generated by org.testng.reporters.JUnitReportReporter -->
<testsuite name="MobileAutomation.MobileSeeTestWebAutomation.TestChilisAndroid" tests="1" time="99.386" ignored="8" failures="0" timestamp="05 Jun 2021 19:58:51 GMT" skipped="0" hostname="LAPTOP-2HJFJ1OT" errors="0">
  <testcase name="testLoginFeature" time="99.386" classname="MobileAutomation.MobileSeeTestWebAutomation.TestChilisAndroid"/>
  <testcase name="testMCACarryoutLaterToday" classname="MobileAutomation.MobileSeeTestWebAutomation.TestChilisAndroid">
    <skipped/>
  </testcase> <!-- testMCACarryoutLaterToday -->
  <testcase name="testLocationFeature" classname="MobileAutomation.MobileSeeTestWebAutomation.TestChilisAndroid">
    <skipped/>
  </testcase> <!-- testLocationFeature -->
  <testcase name="testUpdateAccountFeature" classname="MobileAutomation.MobileSeeTestWebAutomation.TestChilisAndroid">
    <skipped/>
  </testcase> <!-- testUpdateAccountFeature -->
  <testcase name="testLoggedInOrderFeature" classname="MobileAutomation.MobileSeeTestWebAutomation.TestChilisAndroid">
    <skipped/>
  </testcase> <!-- testLoggedInOrderFeature -->
  <testcase name="testCurbsideAsapOrder" classname="MobileAutomation.MobileSeeTestWebAutomation.TestChilisAndroid">
    <skipped/>
  </testcase> <!-- testCurbsideAsapOrder -->
  <testcase name="testRewardsFeature" classname="MobileAutomation.MobileSeeTestWebAutomation.TestChilisAndroid">
    <skipped/>
  </testcase> <!-- testRewardsFeature -->
  <testcase name="testAddMyVisit" classname="MobileAutomation.MobileSeeTestWebAutomation.TestChilisAndroid">
    <skipped/>
  </testcase> <!-- testAddMyVisit -->
  <testcase name="testFavouriteItems" classname="MobileAutomation.MobileSeeTestWebAutomation.TestChilisAndroid">
    <skipped/>
  </testcase> <!-- testFavouriteItems -->
</testsuite> <!-- MobileAutomation.MobileSeeTestWebAutomation.TestChilisAndroid -->
