<?xml version="1.0" encoding="UTF-8"?>
<!-- Generated by org.testng.reporters.JUnitReportReporter -->
<testsuite name="MobileAutomation.MobileSeeTestWebAutomation.TestAddMyVisit" tests="1" time="162.644" ignored="0" failures="0" timestamp="04 Jun 2021 12:58:40 GMT" skipped="0" hostname="LAPTOP-2HJFJ1OT" errors="0">
  <testcase name="testUpdateAccountFeature" time="162.644" classname="MobileAutomation.MobileSeeTestWebAutomation.TestAddMyVisit"/>
</testsuite> <!-- MobileAutomation.MobileSeeTestWebAutomation.TestAddMyVisit -->
