<?xml version="1.0" encoding="UTF-8"?>
<!-- Generated by org.testng.reporters.JUnitReportReporter -->
<testsuite name="MobileAutomation.MobileSeeTestWebAutomation.TestChilisAndroid" tests="1" time="87.704" ignored="20" failures="0" timestamp="12 Jun 2021 05:49:22 GMT" skipped="0" hostname="LAPTOP-2HJFJ1OT" errors="0">
  <testcase name="testRewardsFeature" time="87.704" classname="MobileAutomation.MobileSeeTestWebAutomation.TestChilisAndroid"/>
  <testcase name="testLoginFeature" classname="MobileAutomation.MobileSeeTestWebAutomation.TestChilisAndroid">
    <skipped/>
  </testcase> <!-- testLoginFeature -->
  <testcase name="testLocationFeature" classname="MobileAutomation.MobileSeeTestWebAutomation.TestChilisAndroid">
    <skipped/>
  </testcase> <!-- testLocationFeature -->
  <testcase name="testMCACarryoutLaterToday" classname="MobileAutomation.MobileSeeTestWebAutomation.TestChilisAndroid">
    <skipped/>
  </testcase> <!-- testMCACarryoutLaterToday -->
  <testcase name="testUpdateAccountFeature" classname="MobileAutomation.MobileSeeTestWebAutomation.TestChilisAndroid">
    <skipped/>
  </testcase> <!-- testUpdateAccountFeature -->
  <testcase name="testLoggedInOrderFeature" classname="MobileAutomation.MobileSeeTestWebAutomation.TestChilisAndroid">
    <skipped/>
  </testcase> <!-- testLoggedInOrderFeature -->
  <testcase name="testCurbsideAsapOrder" classname="MobileAutomation.MobileSeeTestWebAutomation.TestChilisAndroid">
    <skipped/>
  </testcase> <!-- testCurbsideAsapOrder -->
  <testcase name="testGuestCurbSide" classname="MobileAutomation.MobileSeeTestWebAutomation.TestChilisAndroid">
    <skipped/>
  </testcase> <!-- testGuestCurbSide -->
  <testcase name="testAddMyVisit" classname="MobileAutomation.MobileSeeTestWebAutomation.TestChilisAndroid">
    <skipped/>
  </testcase> <!-- testAddMyVisit -->
  <testcase name="testFavouriteItems" classname="MobileAutomation.MobileSeeTestWebAutomation.TestChilisAndroid">
    <skipped/>
  </testcase> <!-- testFavouriteItems -->
  <testcase name="testAddMyVisit" classname="MobileAutomation.MobileSeeTestWebAutomation.TestChilisIOS">
    <skipped/>
  </testcase> <!-- testAddMyVisit -->
  <testcase name="testFavouriteItems" classname="MobileAutomation.MobileSeeTestWebAutomation.TestChilisIOS">
    <skipped/>
  </testcase> <!-- testFavouriteItems -->
  <testcase name="testLoginFeature" classname="MobileAutomation.MobileSeeTestWebAutomation.TestChilisIOS">
    <skipped/>
  </testcase> <!-- testLoginFeature -->
  <testcase name="testLocationFeature" classname="MobileAutomation.MobileSeeTestWebAutomation.TestChilisIOS">
    <skipped/>
  </testcase> <!-- testLocationFeature -->
  <testcase name="testLoggedInOrderFeature" classname="MobileAutomation.MobileSeeTestWebAutomation.TestChilisIOS">
    <skipped/>
  </testcase> <!-- testLoggedInOrderFeature -->
  <testcase name="testCurbsideAsapOrder" classname="MobileAutomation.MobileSeeTestWebAutomation.TestChilisIOS">
    <skipped/>
  </testcase> <!-- testCurbsideAsapOrder -->
  <testcase name="testMCACarryoutLaterToday" classname="MobileAutomation.MobileSeeTestWebAutomation.TestChilisIOS">
    <skipped/>
  </testcase> <!-- testMCACarryoutLaterToday -->
  <testcase name="testUpdateAccountFeature" classname="MobileAutomation.MobileSeeTestWebAutomation.TestChilisIOS">
    <skipped/>
  </testcase> <!-- testUpdateAccountFeature -->
  <testcase name="appLocationSearch" classname="MobileAutomation.MobileSeeTestWebAutomation.TestChilisApp">
    <skipped/>
  </testcase> <!-- appLocationSearch -->
  <testcase name="appValidateChilisFavouriteItems" classname="MobileAutomation.MobileSeeTestWebAutomation.TestChilisApp">
    <skipped/>
  </testcase> <!-- appValidateChilisFavouriteItems -->
  <testcase name="appLoginLogout" classname="MobileAutomation.MobileSeeTestWebAutomation.TestChilisApp">
    <skipped/>
  </testcase> <!-- appLoginLogout -->
</testsuite> <!-- MobileAutomation.MobileSeeTestWebAutomation.TestChilisAndroid -->
