<?xml version="1.0" encoding="UTF-8"?>
<!-- Generated by org.testng.reporters.JUnitReportReporter -->
<testsuite name="MobileAutomation.MobileSeeTestWebAutomation.TestFavouriteItems" tests="1" time="83.836" ignored="0" failures="0" timestamp="26 May 2021 15:15:09 GMT" skipped="0" hostname="LAPTOP-2HJFJ1OT" errors="0">
  <testcase name="testFavouriteItems" time="83.836" classname="MobileAutomation.MobileSeeTestWebAutomation.TestFavouriteItems"/>
</testsuite> <!-- MobileAutomation.MobileSeeTestWebAutomation.TestFavouriteItems -->
