<?xml version="1.0" encoding="UTF-8"?>
<!-- Generated by org.testng.reporters.JUnitReportReporter -->
<testsuite name="MobileAutomation.MobileSeeTestWebAutomation.TestChilisIOS" tests="1" time="149.989" ignored="17" failures="0" timestamp="11 Jun 2021 14:46:56 GMT" skipped="0" hostname="LAPTOP-2HJFJ1OT" errors="0">
  <testcase name="testLoginFeature" time="149.989" classname="MobileAutomation.MobileSeeTestWebAutomation.TestChilisIOS"/>
  <testcase name="testAddMyVisit" classname="MobileAutomation.MobileSeeTestWebAutomation.TestChilisIOS">
    <skipped/>
  </testcase> <!-- testAddMyVisit -->
  <testcase name="testRewardsFeature" classname="MobileAutomation.MobileSeeTestWebAutomation.TestChilisIOS">
    <skipped/>
  </testcase> <!-- testRewardsFeature -->
  <testcase name="testFavouriteItems" classname="MobileAutomation.MobileSeeTestWebAutomation.TestChilisIOS">
    <skipped/>
  </testcase> <!-- testFavouriteItems -->
  <testcase name="testLocationFeature" classname="MobileAutomation.MobileSeeTestWebAutomation.TestChilisIOS">
    <skipped/>
  </testcase> <!-- testLocationFeature -->
  <testcase name="testLoggedInOrderFeature" classname="MobileAutomation.MobileSeeTestWebAutomation.TestChilisIOS">
    <skipped/>
  </testcase> <!-- testLoggedInOrderFeature -->
  <testcase name="testCurbsideAsapOrder" classname="MobileAutomation.MobileSeeTestWebAutomation.TestChilisIOS">
    <skipped/>
  </testcase> <!-- testCurbsideAsapOrder -->
  <testcase name="testMCACarryoutLaterToday" classname="MobileAutomation.MobileSeeTestWebAutomation.TestChilisIOS">
    <skipped/>
  </testcase> <!-- testMCACarryoutLaterToday -->
  <testcase name="testUpdateAccountFeature" classname="MobileAutomation.MobileSeeTestWebAutomation.TestChilisIOS">
    <skipped/>
  </testcase> <!-- testUpdateAccountFeature -->
  <testcase name="testLocationFeature" classname="MobileAutomation.MobileSeeTestWebAutomation.TestChilisAndroid">
    <skipped/>
  </testcase> <!-- testLocationFeature -->
  <testcase name="testMCACarryoutLaterToday" classname="MobileAutomation.MobileSeeTestWebAutomation.TestChilisAndroid">
    <skipped/>
  </testcase> <!-- testMCACarryoutLaterToday -->
  <testcase name="testUpdateAccountFeature" classname="MobileAutomation.MobileSeeTestWebAutomation.TestChilisAndroid">
    <skipped/>
  </testcase> <!-- testUpdateAccountFeature -->
  <testcase name="testLoggedInOrderFeature" classname="MobileAutomation.MobileSeeTestWebAutomation.TestChilisAndroid">
    <skipped/>
  </testcase> <!-- testLoggedInOrderFeature -->
  <testcase name="testCurbsideAsapOrder" classname="MobileAutomation.MobileSeeTestWebAutomation.TestChilisAndroid">
    <skipped/>
  </testcase> <!-- testCurbsideAsapOrder -->
  <testcase name="testRewardsFeature" classname="MobileAutomation.MobileSeeTestWebAutomation.TestChilisAndroid">
    <skipped/>
  </testcase> <!-- testRewardsFeature -->
  <testcase name="testGuestCurbSide" classname="MobileAutomation.MobileSeeTestWebAutomation.TestChilisAndroid">
    <skipped/>
  </testcase> <!-- testGuestCurbSide -->
  <testcase name="testAddMyVisit" classname="MobileAutomation.MobileSeeTestWebAutomation.TestChilisAndroid">
    <skipped/>
  </testcase> <!-- testAddMyVisit -->
  <testcase name="testFavouriteItems" classname="MobileAutomation.MobileSeeTestWebAutomation.TestChilisAndroid">
    <skipped/>
  </testcase> <!-- testFavouriteItems -->
</testsuite> <!-- MobileAutomation.MobileSeeTestWebAutomation.TestChilisIOS -->
