<?xml version="1.0" encoding="UTF-8"?>
<!-- Generated by org.testng.reporters.JUnitReportReporter -->
<testsuite name="MobileAutomation.MobileSeeTestWebAutomation.TestGuestCurbSide" tests="1" time="404.077" ignored="0" failures="0" timestamp="07 Jun 2021 08:08:22 GMT" skipped="0" hostname="LAPTOP-2HJFJ1OT" errors="0">
  <testcase name="testGuestCurbSideASAP" time="404.077" classname="MobileAutomation.MobileSeeTestWebAutomation.TestGuestCurbSide"/>
</testsuite> <!-- MobileAutomation.MobileSeeTestWebAutomation.TestGuestCurbSide -->
