<?xml version="1.0" encoding="UTF-8"?>
<!-- Generated by org.testng.reporters.JUnitReportReporter -->
<testsuite name="MobileAutomation.MobileSeeTestWebAutomation.TestLocationSearch" tests="1" time="41.110" ignored="0" failures="0" timestamp="26 May 2021 15:00:54 GMT" skipped="0" hostname="LAPTOP-2HJFJ1OT" errors="0">
  <testcase name="testLocationFeature" time="41.110" classname="MobileAutomation.MobileSeeTestWebAutomation.TestLocationSearch"/>
</testsuite> <!-- MobileAutomation.MobileSeeTestWebAutomation.TestLocationSearch -->
