<?xml version="1.0" encoding="UTF-8"?>
<!-- Generated by org.testng.reporters.JUnitReportReporter -->
<testsuite name="MobileAutomation.MobileSeeTestWebAutomation.TestCurbSideASAPMCA" tests="1" time="803.463" ignored="0" failures="0" timestamp="15 Jun 2021 13:04:38 GMT" skipped="0" hostname="LAPTOP-2HJFJ1OT" errors="0">
  <testcase name="TC13_IOS_SAFARI_CurbsideASAPOrder_MCAUser_TestCase" time="803.463" classname="MobileAutomation.MobileSeeTestWebAutomation.TestCurbSideASAPMCA"/>
</testsuite> <!-- MobileAutomation.MobileSeeTestWebAutomation.TestCurbSideASAPMCA -->
