<?xml version="1.0" encoding="UTF-8"?>
<!-- Generated by org.testng.reporters.JUnitReportReporter -->
<testsuite name="MobileAutomation.MobileSeeTestWebAutomation.TestWeb" tests="1" time="49.041" ignored="20" failures="0" timestamp="12 Jun 2021 05:49:22 GMT" skipped="0" hostname="LAPTOP-2HJFJ1OT" errors="1">
  <testcase name="testWebRewardsFeature" time="49.041" classname="MobileAutomation.MobileSeeTestWebAutomation.TestWeb">
    <error type="java.lang.NullPointerException">
      <![CDATA[java.lang.NullPointerException
	at Resources.Base.stopTest(Base.java:129)
	at Resources.FunctionalComponents.clickMenuButton(FunctionalComponents.java:225)
	at MobileAutomation.MobileSeeTestWebAutomation.TestWeb.testWebRewardsFeature(TestWeb.java:47)
	at sun.reflect.NativeMethodAccessorImpl.invoke0(Native Method)
	at sun.reflect.NativeMethodAccessorImpl.invoke(Unknown Source)
	at sun.reflect.DelegatingMethodAccessorImpl.invoke(Unknown Source)
	at java.lang.reflect.Method.invoke(Unknown Source)
	at org.testng.internal.MethodInvocationHelper.invokeMethod(MethodInvocationHelper.java:104)
	at org.testng.internal.Invoker.invokeMethod(Invoker.java:645)
	at org.testng.internal.Invoker.retryFailed(Invoker.java:998)
	at org.testng.internal.Invoker.invokeTestMethods(Invoker.java:1200)
	at org.testng.internal.TestMethodWorker.invokeTestMethods(TestMethodWorker.java:129)
	at org.testng.internal.TestMethodWorker.run(TestMethodWorker.java:112)
	at org.testng.TestRunner.privateRun(TestRunner.java:756)
	at org.testng.TestRunner.run(TestRunner.java:610)
	at org.testng.SuiteRunner.runTest(SuiteRunner.java:387)
	at org.testng.SuiteRunner.runSequentially(SuiteRunner.java:382)
	at org.testng.SuiteRunner.privateRun(SuiteRunner.java:340)
	at org.testng.SuiteRunner.run(SuiteRunner.java:289)
	at org.testng.SuiteRunnerWorker.runSuite(SuiteRunnerWorker.java:52)
	at org.testng.SuiteRunnerWorker.run(SuiteRunnerWorker.java:86)
	at org.testng.TestNG.runSuitesSequentially(TestNG.java:1293)
	at org.testng.TestNG.runSuitesLocally(TestNG.java:1218)
	at org.testng.TestNG.runSuites(TestNG.java:1133)
	at org.testng.TestNG.run(TestNG.java:1104)
	at org.testng.remote.AbstractRemoteTestNG.run(AbstractRemoteTestNG.java:115)
	at org.testng.remote.RemoteTestNG.initAndRun(RemoteTestNG.java:251)
	at org.testng.remote.RemoteTestNG.main(RemoteTestNG.java:77)
]]>
    </error>
  </testcase> <!-- testWebRewardsFeature -->
  <testcase name="testLoginFeature" classname="MobileAutomation.MobileSeeTestWebAutomation.TestChilisAndroid">
    <skipped/>
  </testcase> <!-- testLoginFeature -->
  <testcase name="testLocationFeature" classname="MobileAutomation.MobileSeeTestWebAutomation.TestChilisAndroid">
    <skipped/>
  </testcase> <!-- testLocationFeature -->
  <testcase name="testMCACarryoutLaterToday" classname="MobileAutomation.MobileSeeTestWebAutomation.TestChilisAndroid">
    <skipped/>
  </testcase> <!-- testMCACarryoutLaterToday -->
  <testcase name="testUpdateAccountFeature" classname="MobileAutomation.MobileSeeTestWebAutomation.TestChilisAndroid">
    <skipped/>
  </testcase> <!-- testUpdateAccountFeature -->
  <testcase name="testLoggedInOrderFeature" classname="MobileAutomation.MobileSeeTestWebAutomation.TestChilisAndroid">
    <skipped/>
  </testcase> <!-- testLoggedInOrderFeature -->
  <testcase name="testCurbsideAsapOrder" classname="MobileAutomation.MobileSeeTestWebAutomation.TestChilisAndroid">
    <skipped/>
  </testcase> <!-- testCurbsideAsapOrder -->
  <testcase name="testGuestCurbSide" classname="MobileAutomation.MobileSeeTestWebAutomation.TestChilisAndroid">
    <skipped/>
  </testcase> <!-- testGuestCurbSide -->
  <testcase name="testAddMyVisit" classname="MobileAutomation.MobileSeeTestWebAutomation.TestChilisAndroid">
    <skipped/>
  </testcase> <!-- testAddMyVisit -->
  <testcase name="testFavouriteItems" classname="MobileAutomation.MobileSeeTestWebAutomation.TestChilisAndroid">
    <skipped/>
  </testcase> <!-- testFavouriteItems -->
  <testcase name="testAddMyVisit" classname="MobileAutomation.MobileSeeTestWebAutomation.TestChilisIOS">
    <skipped/>
  </testcase> <!-- testAddMyVisit -->
  <testcase name="testFavouriteItems" classname="MobileAutomation.MobileSeeTestWebAutomation.TestChilisIOS">
    <skipped/>
  </testcase> <!-- testFavouriteItems -->
  <testcase name="testLoginFeature" classname="MobileAutomation.MobileSeeTestWebAutomation.TestChilisIOS">
    <skipped/>
  </testcase> <!-- testLoginFeature -->
  <testcase name="testLocationFeature" classname="MobileAutomation.MobileSeeTestWebAutomation.TestChilisIOS">
    <skipped/>
  </testcase> <!-- testLocationFeature -->
  <testcase name="testLoggedInOrderFeature" classname="MobileAutomation.MobileSeeTestWebAutomation.TestChilisIOS">
    <skipped/>
  </testcase> <!-- testLoggedInOrderFeature -->
  <testcase name="testCurbsideAsapOrder" classname="MobileAutomation.MobileSeeTestWebAutomation.TestChilisIOS">
    <skipped/>
  </testcase> <!-- testCurbsideAsapOrder -->
  <testcase name="testMCACarryoutLaterToday" classname="MobileAutomation.MobileSeeTestWebAutomation.TestChilisIOS">
    <skipped/>
  </testcase> <!-- testMCACarryoutLaterToday -->
  <testcase name="testUpdateAccountFeature" classname="MobileAutomation.MobileSeeTestWebAutomation.TestChilisIOS">
    <skipped/>
  </testcase> <!-- testUpdateAccountFeature -->
  <testcase name="appLocationSearch" classname="MobileAutomation.MobileSeeTestWebAutomation.TestChilisApp">
    <skipped/>
  </testcase> <!-- appLocationSearch -->
  <testcase name="appValidateChilisFavouriteItems" classname="MobileAutomation.MobileSeeTestWebAutomation.TestChilisApp">
    <skipped/>
  </testcase> <!-- appValidateChilisFavouriteItems -->
  <testcase name="appLoginLogout" classname="MobileAutomation.MobileSeeTestWebAutomation.TestChilisApp">
    <skipped/>
  </testcase> <!-- appLoginLogout -->
</testsuite> <!-- MobileAutomation.MobileSeeTestWebAutomation.TestWeb -->
