<?xml version="1.0" encoding="UTF-8"?>
<!-- Generated by org.testng.reporters.JUnitReportReporter -->
<testsuite name="MobileAutomation.MobileSeeTestWebAutomation.TestLoginLogout" tests="1" time="125.727" ignored="4" failures="0" timestamp="04 Jun 2021 06:27:10 GMT" skipped="0" hostname="LAPTOP-2HJFJ1OT" errors="0">
  <testcase name="testLoginFeature" time="125.727" classname="MobileAutomation.MobileSeeTestWebAutomation.TestLoginLogout"/>
  <testcase name="testLocationFeature" classname="MobileAutomation.MobileSeeTestWebAutomation.TestLoginLogout">
    <skipped/>
  </testcase> <!-- testLocationFeature -->
  <testcase name="testFavouriteItems" classname="MobileAutomation.MobileSeeTestWebAutomation.TestLoginLogout">
    <skipped/>
  </testcase> <!-- testFavouriteItems -->
  <testcase name="testRewardsFeature" classname="MobileAutomation.MobileSeeTestWebAutomation.TestLoginLogout">
    <skipped/>
  </testcase> <!-- testRewardsFeature -->
  <testcase name="testUpdateAccountFeature" classname="MobileAutomation.MobileSeeTestWebAutomation.TestLoginLogout">
    <skipped/>
  </testcase> <!-- testUpdateAccountFeature -->
</testsuite> <!-- MobileAutomation.MobileSeeTestWebAutomation.TestLoginLogout -->
