<?xml version="1.0" encoding="UTF-8"?>
<!-- Generated by org.testng.reporters.JUnitReportReporter -->
<testsuite name="MobileAutomation.MobileSeeTestWebAutomation.TestUpdateMyAccount" tests="1" time="163.088" ignored="0" failures="0" timestamp="27 May 2021 05:32:36 GMT" skipped="0" hostname="LAPTOP-2HJFJ1OT" errors="0">
  <testcase name="testUpdateAccountFeature" time="163.088" classname="MobileAutomation.MobileSeeTestWebAutomation.TestUpdateMyAccount"/>
</testsuite> <!-- MobileAutomation.MobileSeeTestWebAutomation.TestUpdateMyAccount -->
