<?xml version="1.0" encoding="UTF-8"?>
<!-- Generated by org.testng.reporters.JUnitReportReporter -->
<testsuite name="MobileAutomation.MobileSeeTestWebAutomation.TestMCACarryOutLaterToday" tests="1" time="283.931" ignored="0" failures="0" timestamp="04 Jun 2021 14:34:27 GMT" skipped="0" hostname="LAPTOP-2HJFJ1OT" errors="0">
  <testcase name="testMCACarryoutASAP" time="283.931" classname="MobileAutomation.MobileSeeTestWebAutomation.TestMCACarryOutLaterToday"/>
</testsuite> <!-- MobileAutomation.MobileSeeTestWebAutomation.TestMCACarryOutLaterToday -->
